<?xml version="1.0" encoding="UTF-8"?>
<!-- Generated by org.testng.reporters.JUnitXMLReporter -->
<testsuite ignored="0" hostname="DESKTOP-0FNJT7K" failures="0" tests="4" name="Default test" time="73.541" errors="0" timestamp="2021-03-02T20:55:03 IST">
  <testcase classname="tests.SanityBuyProduct" name="searchProduct" time="14.218"/>
  <testcase classname="tests.SanityBuyProduct" name="getIntoProduct" time="9.173"/>
  <testcase classname="tests.SanityBuyProduct" name="EditProduct" time="0.949"/>
  <testcase classname="tests.SanityBuyProduct" name="AddtoCart" time="7.7"/>
</testsuite> <!-- Default test -->
