<?xml version="1.0" encoding="UTF-8"?>
<testng-results ignored="0" total="4" passed="4" failed="0" skipped="0">
  <reporter-output>
  </reporter-output>
  <suite started-at="2021-03-02T20:53:49 IST" name="Default suite" finished-at="2021-03-02T20:55:03 IST" duration-ms="73541">
    <groups>
    </groups>
    <test started-at="2021-03-02T20:53:49 IST" name="Default test" finished-at="2021-03-02T20:55:03 IST" duration-ms="73541">
      <class name="tests.SanityBuyProduct">
        <test-method is-config="true" signature="beforeClass()[pri:0, instance:tests.SanityBuyProduct@3cc1435c]" started-at="2021-03-02T20:53:49 IST" name="beforeClass" finished-at="2021-03-02T20:54:19 IST" duration-ms="29689" status="PASS">
          <reporter-output>
          </reporter-output>
        </test-method> <!-- beforeClass -->
        <test-method is-config="true" signature="beforeMethod(java.lang.reflect.Method)[pri:0, instance:tests.SanityBuyProduct@3cc1435c]" started-at="2021-03-02T20:54:19 IST" name="beforeMethod" finished-at="2021-03-02T20:54:19 IST" duration-ms="22" status="PASS">
          <params>
            <param index="0">
              <value>
                <![CDATA[public void tests.SanityBuyProduct.searchProduct() throws java.lang.InterruptedException,java.io.IOException]]>
              </value>
            </param>
          </params>
          <reporter-output>
          </reporter-output>
        </test-method> <!-- beforeMethod -->
        <test-method signature="searchProduct()[pri:1, instance:tests.SanityBuyProduct@3cc1435c]" started-at="2021-03-02T20:54:19 IST" name="searchProduct" description="verify date" finished-at="2021-03-02T20:54:33 IST" duration-ms="14218" status="PASS">
          <reporter-output>
          </reporter-output>
        </test-method> <!-- searchProduct -->
        <test-method is-config="true" signature="afterMethod(org.testng.ITestResult)[pri:0, instance:tests.SanityBuyProduct@3cc1435c]" started-at="2021-03-02T20:54:33 IST" name="afterMethod" finished-at="2021-03-02T20:54:34 IST" duration-ms="1130" status="PASS">
          <params>
            <param index="0">
              <value>
                <![CDATA[[TestResult name=searchProduct status=SUCCESS method=SanityBuyProduct.searchProduct()[pri:1, instance:tests.SanityBuyProduct@3cc1435c] output={null}]]]>
              </value>
            </param>
          </params>
          <reporter-output>
          </reporter-output>
        </test-method> <!-- afterMethod -->
        <test-method is-config="true" signature="beforeMethod(java.lang.reflect.Method)[pri:0, instance:tests.SanityBuyProduct@3cc1435c]" started-at="2021-03-02T20:54:34 IST" name="beforeMethod" finished-at="2021-03-02T20:54:34 IST" duration-ms="1" status="PASS">
          <params>
            <param index="0">
              <value>
                <![CDATA[public void tests.SanityBuyProduct.getIntoProduct() throws java.lang.InterruptedException,java.io.IOException]]>
              </value>
            </param>
          </params>
          <reporter-output>
          </reporter-output>
        </test-method> <!-- beforeMethod -->
        <test-method signature="getIntoProduct()[pri:2, instance:tests.SanityBuyProduct@3cc1435c]" started-at="2021-03-02T20:54:34 IST" name="getIntoProduct" description="verify date" finished-at="2021-03-02T20:54:44 IST" duration-ms="9173" status="PASS">
          <reporter-output>
          </reporter-output>
        </test-method> <!-- getIntoProduct -->
        <test-method is-config="true" signature="afterMethod(org.testng.ITestResult)[pri:0, instance:tests.SanityBuyProduct@3cc1435c]" started-at="2021-03-02T20:54:44 IST" name="afterMethod" finished-at="2021-03-02T20:54:44 IST" duration-ms="762" status="PASS">
          <params>
            <param index="0">
              <value>
                <![CDATA[[TestResult name=getIntoProduct status=SUCCESS method=SanityBuyProduct.getIntoProduct()[pri:2, instance:tests.SanityBuyProduct@3cc1435c] output={null}]]]>
              </value>
            </param>
          </params>
          <reporter-output>
          </reporter-output>
        </test-method> <!-- afterMethod -->
        <test-method is-config="true" signature="beforeMethod(java.lang.reflect.Method)[pri:0, instance:tests.SanityBuyProduct@3cc1435c]" started-at="2021-03-02T20:54:44 IST" name="beforeMethod" finished-at="2021-03-02T20:54:44 IST" duration-ms="5" status="PASS">
          <params>
            <param index="0">
              <value>
                <![CDATA[public void tests.SanityBuyProduct.EditProduct() throws java.lang.InterruptedException,java.io.IOException]]>
              </value>
            </param>
          </params>
          <reporter-output>
          </reporter-output>
        </test-method> <!-- beforeMethod -->
        <test-method signature="EditProduct()[pri:3, instance:tests.SanityBuyProduct@3cc1435c]" started-at="2021-03-02T20:54:44 IST" name="EditProduct" description="verify date" finished-at="2021-03-02T20:54:45 IST" duration-ms="949" status="PASS">
          <reporter-output>
          </reporter-output>
        </test-method> <!-- EditProduct -->
        <test-method is-config="true" signature="afterMethod(org.testng.ITestResult)[pri:0, instance:tests.SanityBuyProduct@3cc1435c]" started-at="2021-03-02T20:54:45 IST" name="afterMethod" finished-at="2021-03-02T20:54:46 IST" duration-ms="1034" status="PASS">
          <params>
            <param index="0">
              <value>
                <![CDATA[[TestResult name=EditProduct status=SUCCESS method=SanityBuyProduct.EditProduct()[pri:3, instance:tests.SanityBuyProduct@3cc1435c] output={null}]]]>
              </value>
            </param>
          </params>
          <reporter-output>
          </reporter-output>
        </test-method> <!-- afterMethod -->
        <test-method is-config="true" signature="beforeMethod(java.lang.reflect.Method)[pri:0, instance:tests.SanityBuyProduct@3cc1435c]" started-at="2021-03-02T20:54:46 IST" name="beforeMethod" finished-at="2021-03-02T20:54:46 IST" duration-ms="1" status="PASS">
          <params>
            <param index="0">
              <value>
                <![CDATA[public void tests.SanityBuyProduct.AddtoCart() throws java.lang.InterruptedException,java.io.IOException]]>
              </value>
            </param>
          </params>
          <reporter-output>
          </reporter-output>
        </test-method> <!-- beforeMethod -->
        <test-method signature="AddtoCart()[pri:4, instance:tests.SanityBuyProduct@3cc1435c]" started-at="2021-03-02T20:54:46 IST" name="AddtoCart" description="verify date" finished-at="2021-03-02T20:54:54 IST" duration-ms="7700" status="PASS">
          <reporter-output>
          </reporter-output>
        </test-method> <!-- AddtoCart -->
        <test-method is-config="true" signature="afterMethod(org.testng.ITestResult)[pri:0, instance:tests.SanityBuyProduct@3cc1435c]" started-at="2021-03-02T20:54:54 IST" name="afterMethod" finished-at="2021-03-02T20:54:55 IST" duration-ms="573" status="PASS">
          <params>
            <param index="0">
              <value>
                <![CDATA[[TestResult name=AddtoCart status=SUCCESS method=SanityBuyProduct.AddtoCart()[pri:4, instance:tests.SanityBuyProduct@3cc1435c] output={null}]]]>
              </value>
            </param>
          </params>
          <reporter-output>
          </reporter-output>
        </test-method> <!-- afterMethod -->
        <test-method is-config="true" signature="afterClass()[pri:0, instance:tests.SanityBuyProduct@3cc1435c]" started-at="2021-03-02T20:54:55 IST" name="afterClass" finished-at="2021-03-02T20:55:03 IST" duration-ms="8024" status="PASS">
          <reporter-output>
          </reporter-output>
        </test-method> <!-- afterClass -->
      </class> <!-- tests.SanityBuyProduct -->
    </test> <!-- Default test -->
  </suite> <!-- Default suite -->
</testng-results>
